[35m[1mScanning dependencies of target simple_publisher[0m
[ 50%] [32mBuilding CXX object CMakeFiles/simple_publisher.dir/src/simple_publisher.cpp.o[0m
[01m[K/home/august/arduinobot_ws/src/arduinobot_cpp_examples/src/simple_publisher.cpp:[m[K In constructor â€˜[01m[KSimplePublisher::SimplePublisher()[m[Kâ€™:
[01m[K/home/august/arduinobot_ws/src/arduinobot_cpp_examples/src/simple_publisher.cpp:14:75:[m[K [01;31m[Kerror: [m[Kinvalid use of void expression
   14 |             timer_ = create_wall_timer(1s, std::bind(timerCallback(), this[01;31m[K)[m[K);
      |                                                                           [01;31m[K^[m[K
make[2]: *** [CMakeFiles/simple_publisher.dir/build.make:63: CMakeFiles/simple_publisher.dir/src/simple_publisher.cpp.o] Error 1
make[1]: *** [CMakeFiles/Makefile2:78: CMakeFiles/simple_publisher.dir/all] Error 2
make: *** [Makefile:141: all] Error 2
